Results of Introspection Python VTK run

Class Lookup generation time: 0.0031761000000000003

Results for vtkArrowSource
	Inspect average time: 0.00016562000000000008
	Native average time: 2.5819999999999837e-05
	Overhead average factor: 6.414407436096093
	Inspect times: [0.00026900000000000014, 0.0001552000000000003, 0.00014780000000000001, 0.00014880000000000015, 0.00018510000000000054, 0.00016280000000000027, 0.00014769999999999974, 0.00014920000000000037, 0.00014479999999999962, 0.00014579999999999975]
	Native times: [3.129999999999973e-05, 2.5100000000000122e-05, 2.4399999999999943e-05, 2.269999999999963e-05, 3.370000000000022e-05, 2.619999999999966e-05, 2.449999999999935e-05, 2.269999999999963e-05, 2.3800000000000036e-05, 2.3800000000000036e-05]

Results for vtkConeSource
	Inspect average time: 0.00015182999999999985
	Native average time: 2.3620000000000065e-05
	Overhead average factor: 6.4280270956816015
	Inspect times: [0.0001688999999999996, 0.0001443999999999994, 0.0001449999999999993, 0.00014269999999999994, 0.00014590000000000002, 0.00019300000000000046, 0.0001426000000000014, 0.0001416000000000004, 0.00014769999999999887, 0.00014649999999999906]
	Native times: [2.499999999999985e-05, 2.6600000000000755e-05, 2.3600000000000357e-05, 2.2399999999999677e-05, 2.320000000000013e-05, 2.300000000000045e-05, 2.2299999999999404e-05, 2.2199999999999998e-05, 2.390000000000031e-05, 2.3999999999999716e-05]

Results for vtkCubeSource
	Inspect average time: 0.00014351999999999957
	Native average time: 2.3629999999999484e-05
	Overhead average factor: 6.07363520947959
	Inspect times: [0.0001699000000000006, 0.0001438999999999989, 0.00013950000000000073, 0.0001399999999999995, 0.0001422000000000003, 0.00013799999999999923, 0.00014159999999999867, 0.0001388999999999991, 0.0001377999999999987, 0.00014340000000000012]
	Native times: [2.67999999999987e-05, 2.5100000000000122e-05, 2.379999999999917e-05, 2.2299999999999404e-05, 2.3499999999999216e-05, 2.3300000000000404e-05, 2.239999999999881e-05, 2.329999999999867e-05, 2.3200000000000998e-05, 2.2599999999999357e-05]

Results for vtkCylinderSource
	Inspect average time: 0.00015118999999999983
	Native average time: 2.57000000000002e-05
	Overhead average factor: 5.882879377431854
	Inspect times: [0.00017400000000000054, 0.00014510000000000044, 0.00014309999999999844, 0.0001444999999999988, 0.00014280000000000022, 0.00017450000000000104, 0.0001522999999999993, 0.00014450000000000053, 0.00014409999999999944, 0.00014699999999999956]
	Native times: [3.689999999999943e-05, 2.4600000000001357e-05, 2.2700000000000498e-05, 2.3800000000000904e-05, 2.3700000000001498e-05, 2.7399999999998606e-05, 2.599999999999998e-05, 2.4700000000000763e-05, 2.339999999999981e-05, 2.379999999999917e-05]

Results for vtkDiskSource
	Inspect average time: 0.00016919000000000065
	Native average time: 2.7300000000000413e-05
	Overhead average factor: 6.1974358974358275
	Inspect times: [0.0001954000000000001, 0.00024919999999999977, 0.00017700000000000007, 0.00015290000000000095, 0.00015869999999999773, 0.00018940000000000276, 0.00013870000000000202, 0.00013840000000000033, 0.00013970000000000302, 0.00015249999999999986]
	Native times: [2.7700000000000294e-05, 4.300000000000137e-05, 2.6299999999999935e-05, 3.350000000000228e-05, 2.4300000000001404e-05, 2.2500000000001685e-05, 2.519999999999953e-05, 2.4199999999998528e-05, 2.2299999999999404e-05, 2.3999999999999716e-05]

Results for vtkEarthSource
	Inspect average time: 0.00014427000000000051
	Native average time: 2.332999999999953e-05
	Overhead average factor: 6.183883411916135
	Inspect times: [0.00016419999999999976, 0.00014039999999999886, 0.00018390000000000073, 0.0001364000000000018, 0.0001359000000000013, 0.0001361000000000001, 0.0001355999999999996, 0.0001366000000000006, 0.0001359000000000013, 0.00013770000000000102]
	Native times: [2.390000000000031e-05, 2.2799999999999904e-05, 2.3799999999997434e-05, 2.390000000000031e-05, 2.2499999999998216e-05, 2.3700000000001498e-05, 2.339999999999981e-05, 2.260000000000109e-05, 2.3299999999996934e-05, 2.339999999999981e-05]

Results for vtkFrustumSource
	Inspect average time: 0.00014234000000000019
	Native average time: 2.32599999999996e-05
	Overhead average factor: 6.119518486672512
	Inspect times: [0.000159900000000001, 0.00013689999999999883, 0.0001348000000000009, 0.0001455999999999992, 0.0001353000000000014, 0.00013400000000000217, 0.0001348000000000009, 0.00017359999999999945, 0.0001337999999999999, 0.00013469999999999802]
	Native times: [2.310000000000159e-05, 2.3799999999997434e-05, 2.3700000000001498e-05, 2.2700000000000498e-05, 2.339999999999981e-05, 2.3499999999999216e-05, 2.2299999999999404e-05, 2.389999999999684e-05, 2.3700000000001498e-05, 2.2499999999998216e-05]

Results for vtkLineSource
	Inspect average time: 0.00014025999999999934
	Native average time: 2.440999999999971e-05
	Overhead average factor: 5.746005735354404
	Inspect times: [0.00016649999999999998, 0.00014070000000000055, 0.00013820000000000152, 0.00013809999999999864, 0.00013789999999999983, 0.0001361000000000001, 0.00013539999999999733, 0.00013479999999999742, 0.00013909999999999964, 0.00013579999999999842]
	Native times: [2.8299999999998465e-05, 2.489999999999784e-05, 2.2799999999999904e-05, 2.3700000000001498e-05, 3.1099999999999184e-05, 2.239999999999881e-05, 2.3200000000000998e-05, 2.3200000000000998e-05, 2.2299999999999404e-05, 2.2199999999999998e-05]

Results for vtkSphereSource
	Inspect average time: 0.00017786000000000017
	Native average time: 2.5229999999999696e-05
	Overhead average factor: 7.049544193420623
	Inspect times: [0.000193200000000001, 0.00015969999999999873, 0.00016280000000000114, 0.0001573999999999985, 0.00015630000000000158, 0.00017840000000000217, 0.00017550000000000204, 0.00021950000000000094, 0.00020489999999999745, 0.00017089999999999814]
	Native times: [2.4199999999998528e-05, 2.2799999999999904e-05, 2.7000000000002716e-05, 2.3799999999997434e-05, 2.3800000000000904e-05, 2.8499999999997278e-05, 2.5500000000001216e-05, 2.589999999999884e-05, 2.570000000000003e-05, 2.5100000000000122e-05]

Results for vtkTessellatedBoxSource
	Inspect average time: 0.00017870999999999962
	Native average time: 3.072999999999999e-05
	Overhead average factor: 5.8154897494305136
	Inspect times: [0.0002825000000000015, 0.00015059999999999726, 0.0001460999999999997, 0.00016120000000000023, 0.0001670999999999999, 0.0002254000000000006, 0.00015290000000000095, 0.00015799999999999842, 0.0001631999999999953, 0.00018010000000000248]
	Native times: [4.130000000000106e-05, 2.490000000000131e-05, 2.570000000000003e-05, 2.7599999999999153e-05, 2.6499999999998747e-05, 4.0399999999999464e-05, 2.6800000000000435e-05, 2.4299999999997934e-05, 2.590000000000231e-05, 4.3899999999999495e-05]
